<?xml version="1.0" encoding="UTF-8"?>
<!-- Generated by org.testng.reporters.JUnitReportReporter -->
<testsuite skipped="0" hostname="DESKTOP-GEU712U" name="com.actitime.scripts.LoginTest" tests="2" failures="0" timestamp="2020-07-06T20:15:10 IST" time="25.429" errors="0">
  <testcase name="validLogin" time="14.775" classname="com.actitime.scripts.LoginTest"/>
  <system-out>
validLoginscript execution starts: Mon Jul 06 20:14:51 IST 2020 validLogin script is passed  </system-out>
  <testcase name="invalidLogin" time="10.654" classname="com.actitime.scripts.LoginTest"/>
  <system-out>
invalidLoginscript execution starts: Mon Jul 06 20:15:05 IST 2020 invalidLogin script is passed  </system-out>
</testsuite> <!-- com.actitime.scripts.LoginTest -->
