<?xml version="1.0" encoding="UTF-8"?>
<!-- Generated by org.testng.reporters.JUnitReportReporter -->
<testsuite skipped="0" hostname="DESKTOP-GEU712U" name="com.actitime.scripts.CreateUserTest" tests="1" failures="0" timestamp="2020-07-08T14:22:01 IST" time="14.354" errors="0">
  <testcase name="userCreation" time="14.354" classname="com.actitime.scripts.CreateUserTest"/>
  <system-out>
userCreationscript execution starts: Wed Jul 08 14:21:53 IST 2020 userCreation script is passed  </system-out>
</testsuite> <!-- com.actitime.scripts.CreateUserTest -->
